Arguments: 
  C:\Program Files\nodejs\node.exe C:\Program Files (x86)\Yarn\bin\yarn.js install --production

PATH: 
  C:\Ruby25-x64\bin;C:\Windows\System32;D:\Program Files\Java\jdk1.8.0_91\bin;D:\Documents\grails-3.2.0\grails-3.2.0\bin;D:\Program Files\Git\cmd;C:\Program Files\Common Files\Autodesk Shared\;C:\Program Files (x86)\Autodesk\Backburner\;C:\Program Files\nodejs\;C:\Program Files (x86)\Yarn\bin\;C:\redis;F:\MongoDB\bin;C:\Program Files (x86)\Microsoft VS Code\bin;C:\Users\Administrator\AppData\Local\Programs\Python\Python36-32\Scripts\;C:\Users\Administrator\AppData\Local\Programs\Python\Python36-32\;C:\Windows\System32;E:\dev\grails\bin;C:\Program Files (x86)\Microsoft VS Code\bin;c:\program files\esafenet\cobra docguard client;C:\Users\Administrator\AppData\Roaming\npm;C:\Users\Administrator\AppData\Local\Yarn\bin;C:\redis;F:\MongoDB\bin

Yarn version: 
  1.5.1

Node version: 
  8.9.3

Platform: 
  win32 x64

npm manifest: 
  {
    "name": "hexo-site",
    "version": "0.0.0",
    "private": true,
    "hexo": {
      "version": ""
    },
    "dependencies": {
      "hexo": "^3.7.0",
      "hexo-generator-archive": "^0.1.5",
      "hexo-generator-category": "^0.1.3",
      "hexo-generator-index": "^0.2.1",
      "hexo-generator-tag": "^0.2.0",
      "hexo-renderer-ejs": "^0.3.1",
      "hexo-renderer-stylus": "^0.3.3",
      "hexo-renderer-marked": "^0.3.2",
      "hexo-server": "^0.3.1"
    }
  }

yarn manifest: 
  No manifest

Lockfile: 
  No lockfile

Trace: 
  Error: https://registry.npm.taobao.org/hexo: tunneling socket could not be established, cause=getaddrinfo ENOTFOUND 1080 1080:80
      at ClientRequest.onError (C:\Program Files (x86)\Yarn\lib\cli.js:146218:17)
      at Object.onceWrapper (events.js:315:30)
      at emitOne (events.js:116:13)
      at ClientRequest.emit (events.js:211:7)
      at Socket.socketErrorListener (_http_client.js:387:9)
      at emitOne (events.js:116:13)
      at Socket.emit (events.js:211:7)
      at emitErrorNT (internal/streams/destroy.js:64:8)
      at _combinedTickCallback (internal/process/next_tick.js:138:11)
      at process._tickCallback (internal/process/next_tick.js:180:9)
